<?xml version="1.0" encoding="UTF-8"?>
<testng-results ignored="0" total="1" passed="1" failed="0" skipped="0">
  <reporter-output>
    <line>
      <![CDATA[no of rows are::11]]>
    </line>
    <line>
      <![CDATA[Emplyoyee added succefully7683      7683]]>
    </line>
    <line>
      <![CDATA[Emplyoyee added succefully7684      7684]]>
    </line>
    <line>
      <![CDATA[Emplyoyee added succefully7685      7685]]>
    </line>
    <line>
      <![CDATA[Emplyoyee added succefully7686      7686]]>
    </line>
    <line>
      <![CDATA[Emplyoyee added succefully7687      7687]]>
    </line>
    <line>
      <![CDATA[Emplyoyee added succefully7688      7688]]>
    </line>
    <line>
      <![CDATA[Emplyoyee added succefully7689      7689]]>
    </line>
    <line>
      <![CDATA[Emplyoyee added succefully7690      7690]]>
    </line>
    <line>
      <![CDATA[Emplyoyee added succefully7691      7691]]>
    </line>
    <line>
      <![CDATA[Emplyoyee added succefully7692      7692]]>
    </line>
    <line>
      <![CDATA[Emplyoyee added succefully7693      7693]]>
    </line>
  </reporter-output>
  <suite started-at="2022-12-30T21:30:31 IST" name="Default suite" finished-at="2022-12-30T21:31:27 IST" duration-ms="55902">
    <groups>
    </groups>
    <test started-at="2022-12-30T21:30:31 IST" name="Default test" finished-at="2022-12-30T21:31:27 IST" duration-ms="55902">
      <class name="driverFactory.DriverScriptPOM">
        <test-method is-config="true" signature="setup()[pri:0, instance:driverFactory.DriverScriptPOM@2a265ea9]" started-at="2022-12-30T21:30:31 IST" name="setup" finished-at="2022-12-30T21:30:40 IST" duration-ms="9274" status="PASS">
          <reporter-output>
          </reporter-output>
        </test-method> <!-- setup -->
        <test-method signature="starttest()[pri:0, instance:driverFactory.DriverScriptPOM@2a265ea9]" started-at="2022-12-30T21:30:40 IST" name="starttest" finished-at="2022-12-30T21:31:25 IST" duration-ms="45142" status="PASS">
          <reporter-output>
            <line>
              <![CDATA[no of rows are::11]]>
            </line>
            <line>
              <![CDATA[Emplyoyee added succefully7683      7683]]>
            </line>
            <line>
              <![CDATA[Emplyoyee added succefully7684      7684]]>
            </line>
            <line>
              <![CDATA[Emplyoyee added succefully7685      7685]]>
            </line>
            <line>
              <![CDATA[Emplyoyee added succefully7686      7686]]>
            </line>
            <line>
              <![CDATA[Emplyoyee added succefully7687      7687]]>
            </line>
            <line>
              <![CDATA[Emplyoyee added succefully7688      7688]]>
            </line>
            <line>
              <![CDATA[Emplyoyee added succefully7689      7689]]>
            </line>
            <line>
              <![CDATA[Emplyoyee added succefully7690      7690]]>
            </line>
            <line>
              <![CDATA[Emplyoyee added succefully7691      7691]]>
            </line>
            <line>
              <![CDATA[Emplyoyee added succefully7692      7692]]>
            </line>
            <line>
              <![CDATA[Emplyoyee added succefully7693      7693]]>
            </line>
          </reporter-output>
        </test-method> <!-- starttest -->
        <test-method is-config="true" signature="teardown()[pri:0, instance:driverFactory.DriverScriptPOM@2a265ea9]" started-at="2022-12-30T21:31:25 IST" name="teardown" finished-at="2022-12-30T21:31:27 IST" duration-ms="1377" status="PASS">
          <reporter-output>
          </reporter-output>
        </test-method> <!-- teardown -->
      </class> <!-- driverFactory.DriverScriptPOM -->
    </test> <!-- Default test -->
  </suite> <!-- Default suite -->
</testng-results>
